2026-06-23 15:22:23,542 | INFO | ============================================================
2026-06-23 15:22:23,548 | INFO | Forklift Monitor API Starting
2026-06-23 15:22:23,550 | INFO | Database Host : 192.168.0.33
2026-06-23 15:22:23,550 | INFO | Database Name : vibration_db
2026-06-23 15:22:23,550 | INFO | Server URL    : http://localhost:5000
2026-06-23 15:22:23,550 | INFO | ============================================================
2026-06-23 15:22:30,319 | INFO | 127.0.0.1 | GET /api/vibration
2026-06-23 15:22:30,319 | INFO | 127.0.0.1 | GET /api/voltages
2026-06-23 15:22:30,319 | INFO | Fetching vibration data
2026-06-23 15:22:30,319 | INFO | Fetching voltage data
2026-06-23 15:22:30,385 | INFO | ONLINE | Vib=2.0 Temp=26.07
2026-06-23 15:22:30,385 | INFO | Retrieved 1 sensors
2026-06-23 15:22:30,982 | INFO | 127.0.0.1 | GET /api/vibration
2026-06-23 15:22:30,982 | INFO | Fetching vibration data
2026-06-23 15:22:31,028 | INFO | ONLINE | Vib=2.0 Temp=26.07
2026-06-23 15:22:31,299 | INFO | 127.0.0.1 | GET /api/voltages
2026-06-23 15:22:31,301 | INFO | Fetching voltage data
2026-06-23 15:22:31,303 | INFO | 192.168.0.27 | GET /
2026-06-23 15:22:31,305 | INFO | Serving index.html
2026-06-23 15:22:31,306 | ERROR | Unhandled Exception
Traceback (most recent call last):
  File "C:\Users\ThamilarasanSanthaku\AppData\Local\Programs\Python\Python310\lib\site-packages\flask\app.py", line 917, in full_dispatch_request
    rv = self.dispatch_request()
  File "C:\Users\ThamilarasanSanthaku\AppData\Local\Programs\Python\Python310\lib\site-packages\flask\app.py", line 902, in dispatch_request
    return self.ensure_sync(self.view_functions[rule.endpoint])(**view_args)  # type: ignore[no-any-return]
  File "D:\Python\forklift-monitor-final\forklift-monitor-final\lib\api_server.py", line 203, in index
    return send_from_directory('.', 'index.html')
  File "C:\Users\ThamilarasanSanthaku\AppData\Local\Programs\Python\Python310\lib\site-packages\flask\helpers.py", line 572, in send_from_directory
    return werkzeug.utils.send_from_directory(  # type: ignore[return-value]
  File "C:\Users\ThamilarasanSanthaku\AppData\Local\Programs\Python\Python310\lib\site-packages\werkzeug\utils.py", line 575, in send_from_directory
    raise NotFound()
werkzeug.exceptions.NotFound: 404 Not Found: The requested URL was not found on the server. If you entered the URL manually please check your spelling and try again.
2026-06-23 15:22:31,339 | INFO | Retrieved 1 sensors
2026-06-23 15:22:37,465 | INFO | 192.168.0.27 | GET /
2026-06-23 15:22:37,466 | INFO | Serving index.html
2026-06-23 15:22:37,467 | ERROR | Unhandled Exception
Traceback (most recent call last):
  File "C:\Users\ThamilarasanSanthaku\AppData\Local\Programs\Python\Python310\lib\site-packages\flask\app.py", line 917, in full_dispatch_request
    rv = self.dispatch_request()
  File "C:\Users\ThamilarasanSanthaku\AppData\Local\Programs\Python\Python310\lib\site-packages\flask\app.py", line 902, in dispatch_request
    return self.ensure_sync(self.view_functions[rule.endpoint])(**view_args)  # type: ignore[no-any-return]
  File "D:\Python\forklift-monitor-final\forklift-monitor-final\lib\api_server.py", line 203, in index
    return send_from_directory('.', 'index.html')
  File "C:\Users\ThamilarasanSanthaku\AppData\Local\Programs\Python\Python310\lib\site-packages\flask\helpers.py", line 572, in send_from_directory
    return werkzeug.utils.send_from_directory(  # type: ignore[return-value]
  File "C:\Users\ThamilarasanSanthaku\AppData\Local\Programs\Python\Python310\lib\site-packages\werkzeug\utils.py", line 575, in send_from_directory
    raise NotFound()
werkzeug.exceptions.NotFound: 404 Not Found: The requested URL was not found on the server. If you entered the URL manually please check your spelling and try again.
2026-06-23 15:23:10,802 | INFO | ============================================================
2026-06-23 15:23:10,804 | INFO | Forklift Monitor API Starting
2026-06-23 15:23:10,804 | INFO | Database Host : 192.168.0.33
2026-06-23 15:23:10,804 | INFO | Database Name : vibration_db
2026-06-23 15:23:10,804 | INFO | Server URL    : http://localhost:5000
2026-06-23 15:23:10,804 | INFO | ============================================================
2026-06-23 15:23:13,872 | INFO | 192.168.0.27 | GET /
2026-06-23 15:23:13,872 | INFO | Serving index.html
2026-06-23 15:23:13,872 | ERROR | Unhandled Exception
Traceback (most recent call last):
  File "C:\Users\ThamilarasanSanthaku\AppData\Local\Programs\Python\Python310\lib\site-packages\flask\app.py", line 917, in full_dispatch_request
    rv = self.dispatch_request()
  File "C:\Users\ThamilarasanSanthaku\AppData\Local\Programs\Python\Python310\lib\site-packages\flask\app.py", line 902, in dispatch_request
    return self.ensure_sync(self.view_functions[rule.endpoint])(**view_args)  # type: ignore[no-any-return]
  File "D:\Python\forklift-monitor-final\forklift-monitor-final\lib\api_server.py", line 202, in index
    return send_from_directory('.', 'index.html')
  File "C:\Users\ThamilarasanSanthaku\AppData\Local\Programs\Python\Python310\lib\site-packages\flask\helpers.py", line 572, in send_from_directory
    return werkzeug.utils.send_from_directory(  # type: ignore[return-value]
  File "C:\Users\ThamilarasanSanthaku\AppData\Local\Programs\Python\Python310\lib\site-packages\werkzeug\utils.py", line 575, in send_from_directory
    raise NotFound()
werkzeug.exceptions.NotFound: 404 Not Found: The requested URL was not found on the server. If you entered the URL manually please check your spelling and try again.
2026-06-23 15:23:15,400 | INFO | 192.168.0.27 | GET /
2026-06-23 15:23:15,402 | INFO | Serving index.html
2026-06-23 15:23:15,404 | ERROR | Unhandled Exception
Traceback (most recent call last):
  File "C:\Users\ThamilarasanSanthaku\AppData\Local\Programs\Python\Python310\lib\site-packages\flask\app.py", line 917, in full_dispatch_request
    rv = self.dispatch_request()
  File "C:\Users\ThamilarasanSanthaku\AppData\Local\Programs\Python\Python310\lib\site-packages\flask\app.py", line 902, in dispatch_request
    return self.ensure_sync(self.view_functions[rule.endpoint])(**view_args)  # type: ignore[no-any-return]
  File "D:\Python\forklift-monitor-final\forklift-monitor-final\lib\api_server.py", line 202, in index
    return send_from_directory('.', 'index.html')
  File "C:\Users\ThamilarasanSanthaku\AppData\Local\Programs\Python\Python310\lib\site-packages\flask\helpers.py", line 572, in send_from_directory
    return werkzeug.utils.send_from_directory(  # type: ignore[return-value]
  File "C:\Users\ThamilarasanSanthaku\AppData\Local\Programs\Python\Python310\lib\site-packages\werkzeug\utils.py", line 575, in send_from_directory
    raise NotFound()
werkzeug.exceptions.NotFound: 404 Not Found: The requested URL was not found on the server. If you entered the URL manually please check your spelling and try again.
2026-06-23 15:23:16,233 | INFO | 192.168.0.27 | GET /
2026-06-23 15:23:16,235 | INFO | Serving index.html
2026-06-23 15:23:16,236 | ERROR | Unhandled Exception
Traceback (most recent call last):
  File "C:\Users\ThamilarasanSanthaku\AppData\Local\Programs\Python\Python310\lib\site-packages\flask\app.py", line 917, in full_dispatch_request
    rv = self.dispatch_request()
  File "C:\Users\ThamilarasanSanthaku\AppData\Local\Programs\Python\Python310\lib\site-packages\flask\app.py", line 902, in dispatch_request
    return self.ensure_sync(self.view_functions[rule.endpoint])(**view_args)  # type: ignore[no-any-return]
  File "D:\Python\forklift-monitor-final\forklift-monitor-final\lib\api_server.py", line 202, in index
    return send_from_directory('.', 'index.html')
  File "C:\Users\ThamilarasanSanthaku\AppData\Local\Programs\Python\Python310\lib\site-packages\flask\helpers.py", line 572, in send_from_directory
    return werkzeug.utils.send_from_directory(  # type: ignore[return-value]
  File "C:\Users\ThamilarasanSanthaku\AppData\Local\Programs\Python\Python310\lib\site-packages\werkzeug\utils.py", line 575, in send_from_directory
    raise NotFound()
werkzeug.exceptions.NotFound: 404 Not Found: The requested URL was not found on the server. If you entered the URL manually please check your spelling and try again.
2026-06-23 15:23:16,740 | INFO | 192.168.0.27 | GET /
2026-06-23 15:23:16,740 | INFO | Serving index.html
2026-06-23 15:23:16,740 | ERROR | Unhandled Exception
Traceback (most recent call last):
  File "C:\Users\ThamilarasanSanthaku\AppData\Local\Programs\Python\Python310\lib\site-packages\flask\app.py", line 917, in full_dispatch_request
    rv = self.dispatch_request()
  File "C:\Users\ThamilarasanSanthaku\AppData\Local\Programs\Python\Python310\lib\site-packages\flask\app.py", line 902, in dispatch_request
    return self.ensure_sync(self.view_functions[rule.endpoint])(**view_args)  # type: ignore[no-any-return]
  File "D:\Python\forklift-monitor-final\forklift-monitor-final\lib\api_server.py", line 202, in index
    return send_from_directory('.', 'index.html')
  File "C:\Users\ThamilarasanSanthaku\AppData\Local\Programs\Python\Python310\lib\site-packages\flask\helpers.py", line 572, in send_from_directory
    return werkzeug.utils.send_from_directory(  # type: ignore[return-value]
  File "C:\Users\ThamilarasanSanthaku\AppData\Local\Programs\Python\Python310\lib\site-packages\werkzeug\utils.py", line 575, in send_from_directory
    raise NotFound()
werkzeug.exceptions.NotFound: 404 Not Found: The requested URL was not found on the server. If you entered the URL manually please check your spelling and try again.
